2020-01-07 01:13:40,281 INFO org.springframework.boot.StartupInfoLogger [main] Starting PlantplacesApplication on DESKTOP-LBR7BG1 with PID 4152 (C:\Users\chand\OneDrive\Desktop\Projects\Java\plantplaces\plantplaces\target\classes started by chand in C:\Users\chand\OneDrive\Desktop\Projects\Java\plantplaces\plantplaces)
2020-01-07 01:13:40,286 DEBUG org.springframework.boot.StartupInfoLogger [main] Running with Spring Boot v2.2.2.RELEASE, Spring v5.2.2.RELEASE
2020-01-07 01:13:40,287 INFO org.springframework.boot.SpringApplication [main] No active profile set, falling back to default profiles: default
2020-01-07 01:13:42,428 INFO org.springframework.boot.StartupInfoLogger [main] Started PlantplacesApplication in 2.647 seconds (JVM running for 3.15)
2020-01-07 01:14:02,020 DEBUG com.plantplaces.PlantPlacesController [http-nio-8080-exec-1] entering search plants
2020-01-07 01:14:02,285 DEBUG com.plantplaces.PlantPlacesController [http-nio-8080-exec-1] exiting search Plants
2020-01-07 01:14:10,609 DEBUG com.plantplaces.PlantPlacesController [http-nio-8080-exec-2] entering search plants
2020-01-07 01:14:10,771 DEBUG com.plantplaces.PlantPlacesController [http-nio-8080-exec-2] exiting search Plants
2020-01-07 01:14:17,431 INFO com.plantplaces.PlantPlacesController [http-nio-8080-exec-4] User has entered start endpoint
2020-01-07 01:25:23,638 INFO org.springframework.boot.StartupInfoLogger [main] Starting PlantplacesApplication on DESKTOP-LBR7BG1 with PID 252 (C:\Users\chand\OneDrive\Desktop\Projects\Java\plantplaces\plantplaces\target\classes started by chand in C:\Users\chand\OneDrive\Desktop\Projects\Java\plantplaces\plantplaces)
2020-01-07 01:25:23,642 DEBUG org.springframework.boot.StartupInfoLogger [main] Running with Spring Boot v2.2.2.RELEASE, Spring v5.2.2.RELEASE
2020-01-07 01:25:23,643 INFO org.springframework.boot.SpringApplication [main] No active profile set, falling back to default profiles: default
2020-01-07 01:25:25,467 INFO org.springframework.boot.StartupInfoLogger [main] Started PlantplacesApplication in 2.289 seconds (JVM running for 2.676)
2020-01-07 01:25:51,274 DEBUG com.plantplaces.PlantPlacesController [http-nio-8080-exec-1] entering search plants
2020-01-07 01:25:51,473 WARN com.plantplaces.PlantPlacesController [http-nio-8080-exec-1] No results fo this search termVNVNVBN
2020-01-07 01:25:51,476 DEBUG com.plantplaces.PlantPlacesController [http-nio-8080-exec-1] exiting search Plants
2020-01-07 02:39:26,534 INFO org.springframework.boot.StartupInfoLogger [main] Starting PlantplacesApplication on DESKTOP-LBR7BG1 with PID 9060 (C:\Users\chand\OneDrive\Desktop\Projects\Java\plantplaces\plantplaces\target\classes started by chand in C:\Users\chand\OneDrive\Desktop\Projects\Java\plantplaces\plantplaces)
2020-01-07 02:39:26,537 DEBUG org.springframework.boot.StartupInfoLogger [main] Running with Spring Boot v2.2.2.RELEASE, Spring v5.2.2.RELEASE
2020-01-07 02:39:26,538 INFO org.springframework.boot.SpringApplication [main] No active profile set, falling back to default profiles: default
2020-01-07 02:41:26,965 INFO org.springframework.boot.StartupInfoLogger [main] Starting PlantplacesApplication on DESKTOP-LBR7BG1 with PID 10264 (C:\Users\chand\OneDrive\Desktop\Projects\Java\plantplaces\plantplaces\target\classes started by chand in C:\Users\chand\OneDrive\Desktop\Projects\Java\plantplaces\plantplaces)
2020-01-07 02:41:26,969 DEBUG org.springframework.boot.StartupInfoLogger [main] Running with Spring Boot v2.2.2.RELEASE, Spring v5.2.2.RELEASE
2020-01-07 02:41:26,969 INFO org.springframework.boot.SpringApplication [main] No active profile set, falling back to default profiles: default
2020-01-07 02:45:07,400 INFO org.springframework.boot.StartupInfoLogger [main] Starting PlantplacesApplication on DESKTOP-LBR7BG1 with PID 12284 (C:\Users\chand\OneDrive\Desktop\Projects\Java\plantplaces\plantplaces\target\classes started by chand in C:\Users\chand\OneDrive\Desktop\Projects\Java\plantplaces\plantplaces)
2020-01-07 02:45:07,403 DEBUG org.springframework.boot.StartupInfoLogger [main] Running with Spring Boot v2.2.2.RELEASE, Spring v5.2.2.RELEASE
2020-01-07 02:45:07,404 INFO org.springframework.boot.SpringApplication [main] No active profile set, falling back to default profiles: default
2020-01-07 02:45:12,136 INFO org.springframework.boot.StartupInfoLogger [main] Started PlantplacesApplication in 5.238 seconds (JVM running for 5.735)
2020-01-07 12:33:32,927 INFO org.springframework.boot.StartupInfoLogger [main] Starting PlantplacesApplication on DESKTOP-LBR7BG1 with PID 8696 (C:\Users\chand\OneDrive\Desktop\Projects\Java\plantplaces\plantplaces\target\classes started by chand in C:\Users\chand\OneDrive\Desktop\Projects\Java\plantplaces\plantplaces)
2020-01-07 12:33:32,931 DEBUG org.springframework.boot.StartupInfoLogger [main] Running with Spring Boot v2.2.2.RELEASE, Spring v5.2.2.RELEASE
2020-01-07 12:33:32,931 INFO org.springframework.boot.SpringApplication [main] No active profile set, falling back to default profiles: default
2020-01-07 12:33:38,861 INFO org.springframework.boot.StartupInfoLogger [main] Started PlantplacesApplication in 6.545 seconds (JVM running for 7.117)
2020-01-07 12:33:56,917 INFO com.plantplaces.PlantPlacesController [http-nio-8080-exec-1] User has entered start endpoint
2020-01-07 12:34:01,956 ERROR com.plantplaces.PlantPlacesController [http-nio-8080-exec-3] unable tosave specimen
org.springframework.dao.DataIntegrityViolationException: could not execute statement; SQL [n/a]; constraint [PRIMARY]; nested exception is org.hibernate.exception.ConstraintViolationException: could not execute statement
	at org.springframework.orm.jpa.vendor.HibernateJpaDialect.convertHibernateAccessException(HibernateJpaDialect.java:298)
	at org.springframework.orm.jpa.vendor.HibernateJpaDialect.translateExceptionIfPossible(HibernateJpaDialect.java:255)
	at org.springframework.orm.jpa.JpaTransactionManager.doCommit(JpaTransactionManager.java:538)
	at org.springframework.transaction.support.AbstractPlatformTransactionManager.processCommit(AbstractPlatformTransactionManager.java:744)
	at org.springframework.transaction.support.AbstractPlatformTransactionManager.commit(AbstractPlatformTransactionManager.java:712)
	at org.springframework.transaction.interceptor.TransactionAspectSupport.commitTransactionAfterReturning(TransactionAspectSupport.java:631)
	at org.springframework.transaction.interceptor.TransactionAspectSupport.invokeWithinTransaction(TransactionAspectSupport.java:385)
	at org.springframework.transaction.interceptor.TransactionInterceptor.invoke(TransactionInterceptor.java:99)
	at org.springframework.aop.framework.ReflectiveMethodInvocation.proceed(ReflectiveMethodInvocation.java:186)
	at org.springframework.dao.support.PersistenceExceptionTranslationInterceptor.invoke(PersistenceExceptionTranslationInterceptor.java:139)
	at org.springframework.aop.framework.ReflectiveMethodInvocation.proceed(ReflectiveMethodInvocation.java:186)
	at org.springframework.data.jpa.repository.support.CrudMethodMetadataPostProcessor$CrudMethodMetadataPopulatingMethodInterceptor.invoke(CrudMethodMetadataPostProcessor.java:178)
	at org.springframework.aop.framework.ReflectiveMethodInvocation.proceed(ReflectiveMethodInvocation.java:186)
	at org.springframework.aop.interceptor.ExposeInvocationInterceptor.invoke(ExposeInvocationInterceptor.java:93)
	at org.springframework.aop.framework.ReflectiveMethodInvocation.proceed(ReflectiveMethodInvocation.java:186)
	at org.springframework.aop.framework.JdkDynamicAopProxy.invoke(JdkDynamicAopProxy.java:212)
	at com.sun.proxy.$Proxy84.save(Unknown Source)
	at com.plantplaces.dao.SpecimenDAO.save(SpecimenDAO.java:17)
	at com.plantplaces.service.SpecimenService.save(SpecimenService.java:31)
	at com.plantplaces.PlantPlacesController.saveSpecimen(PlantPlacesController.java:39)
	at sun.reflect.NativeMethodAccessorImpl.invoke0(Native Method)
	at sun.reflect.NativeMethodAccessorImpl.invoke(NativeMethodAccessorImpl.java:62)
	at sun.reflect.DelegatingMethodAccessorImpl.invoke(DelegatingMethodAccessorImpl.java:43)
	at java.lang.reflect.Method.invoke(Method.java:498)
	at org.springframework.web.method.support.InvocableHandlerMethod.doInvoke(InvocableHandlerMethod.java:190)
	at org.springframework.web.method.support.InvocableHandlerMethod.invokeForRequest(InvocableHandlerMethod.java:138)
	at org.springframework.web.servlet.mvc.method.annotation.ServletInvocableHandlerMethod.invokeAndHandle(ServletInvocableHandlerMethod.java:106)
	at org.springframework.web.servlet.mvc.method.annotation.RequestMappingHandlerAdapter.invokeHandlerMethod(RequestMappingHandlerAdapter.java:888)
	at org.springframework.web.servlet.mvc.method.annotation.RequestMappingHandlerAdapter.handleInternal(RequestMappingHandlerAdapter.java:793)
	at org.springframework.web.servlet.mvc.method.AbstractHandlerMethodAdapter.handle(AbstractHandlerMethodAdapter.java:87)
	at org.springframework.web.servlet.DispatcherServlet.doDispatch(DispatcherServlet.java:1040)
	at org.springframework.web.servlet.DispatcherServlet.doService(DispatcherServlet.java:943)
	at org.springframework.web.servlet.FrameworkServlet.processRequest(FrameworkServlet.java:1006)
	at org.springframework.web.servlet.FrameworkServlet.doGet(FrameworkServlet.java:898)
	at javax.servlet.http.HttpServlet.service(HttpServlet.java:634)
	at org.springframework.web.servlet.FrameworkServlet.service(FrameworkServlet.java:883)
	at javax.servlet.http.HttpServlet.service(HttpServlet.java:741)
	at org.apache.catalina.core.ApplicationFilterChain.internalDoFilter(ApplicationFilterChain.java:231)
	at org.apache.catalina.core.ApplicationFilterChain.doFilter(ApplicationFilterChain.java:166)
	at org.apache.tomcat.websocket.server.WsFilter.doFilter(WsFilter.java:53)
	at org.apache.catalina.core.ApplicationFilterChain.internalDoFilter(ApplicationFilterChain.java:193)
	at org.apache.catalina.core.ApplicationFilterChain.doFilter(ApplicationFilterChain.java:166)
	at org.springframework.web.filter.RequestContextFilter.doFilterInternal(RequestContextFilter.java:100)
	at org.springframework.web.filter.OncePerRequestFilter.doFilter(OncePerRequestFilter.java:119)
	at org.apache.catalina.core.ApplicationFilterChain.internalDoFilter(ApplicationFilterChain.java:193)
	at org.apache.catalina.core.ApplicationFilterChain.doFilter(ApplicationFilterChain.java:166)
	at org.springframework.web.filter.FormContentFilter.doFilterInternal(FormContentFilter.java:93)
	at org.springframework.web.filter.OncePerRequestFilter.doFilter(OncePerRequestFilter.java:119)
	at org.apache.catalina.core.ApplicationFilterChain.internalDoFilter(ApplicationFilterChain.java:193)
	at org.apache.catalina.core.ApplicationFilterChain.doFilter(ApplicationFilterChain.java:166)
	at org.springframework.web.filter.CharacterEncodingFilter.doFilterInternal(CharacterEncodingFilter.java:201)
	at org.springframework.web.filter.OncePerRequestFilter.doFilter(OncePerRequestFilter.java:119)
	at org.apache.catalina.core.ApplicationFilterChain.internalDoFilter(ApplicationFilterChain.java:193)
	at org.apache.catalina.core.ApplicationFilterChain.doFilter(ApplicationFilterChain.java:166)
	at org.apache.catalina.core.StandardWrapperValve.invoke(StandardWrapperValve.java:202)
	at org.apache.catalina.core.StandardContextValve.invoke(StandardContextValve.java:96)
	at org.apache.catalina.authenticator.AuthenticatorBase.invoke(AuthenticatorBase.java:526)
	at org.apache.catalina.core.StandardHostValve.invoke(StandardHostValve.java:139)
	at org.apache.catalina.valves.ErrorReportValve.invoke(ErrorReportValve.java:92)
	at org.apache.catalina.core.StandardEngineValve.invoke(StandardEngineValve.java:74)
	at org.apache.catalina.connector.CoyoteAdapter.service(CoyoteAdapter.java:343)
	at org.apache.coyote.http11.Http11Processor.service(Http11Processor.java:367)
	at org.apache.coyote.AbstractProcessorLight.process(AbstractProcessorLight.java:65)
	at org.apache.coyote.AbstractProtocol$ConnectionHandler.process(AbstractProtocol.java:860)
	at org.apache.tomcat.util.net.NioEndpoint$SocketProcessor.doRun(NioEndpoint.java:1591)
	at org.apache.tomcat.util.net.SocketProcessorBase.run(SocketProcessorBase.java:49)
	at java.util.concurrent.ThreadPoolExecutor.runWorker(ThreadPoolExecutor.java:1149)
	at java.util.concurrent.ThreadPoolExecutor$Worker.run(ThreadPoolExecutor.java:624)
	at org.apache.tomcat.util.threads.TaskThread$WrappingRunnable.run(TaskThread.java:61)
	at java.lang.Thread.run(Thread.java:748)
Caused by: org.hibernate.exception.ConstraintViolationException: could not execute statement
	at org.hibernate.exception.internal.SQLExceptionTypeDelegate.convert(SQLExceptionTypeDelegate.java:59)
	at org.hibernate.exception.internal.StandardSQLExceptionConverter.convert(StandardSQLExceptionConverter.java:42)
	at org.hibernate.engine.jdbc.spi.SqlExceptionHelper.convert(SqlExceptionHelper.java:113)
	at org.hibernate.engine.jdbc.spi.SqlExceptionHelper.convert(SqlExceptionHelper.java:99)
	at org.hibernate.engine.jdbc.internal.ResultSetReturnImpl.executeUpdate(ResultSetReturnImpl.java:200)
	at org.hibernate.persister.entity.AbstractEntityPersister.insert(AbstractEntityPersister.java:3208)
	at org.hibernate.persister.entity.AbstractEntityPersister.insert(AbstractEntityPersister.java:3722)
	at org.hibernate.action.internal.EntityInsertAction.execute(EntityInsertAction.java:91)
	at org.hibernate.engine.spi.ActionQueue.executeActions(ActionQueue.java:604)
	at org.hibernate.engine.spi.ActionQueue.lambda$executeActions$1(ActionQueue.java:478)
	at java.util.LinkedHashMap.forEach(LinkedHashMap.java:684)
	at org.hibernate.engine.spi.ActionQueue.executeActions(ActionQueue.java:475)
	at org.hibernate.event.internal.AbstractFlushingEventListener.performExecutions(AbstractFlushingEventListener.java:348)
	at org.hibernate.event.internal.DefaultFlushEventListener.onFlush(DefaultFlushEventListener.java:40)
	at org.hibernate.event.service.internal.EventListenerGroupImpl.fireEventOnEachListener(EventListenerGroupImpl.java:108)
	at org.hibernate.internal.SessionImpl.doFlush(SessionImpl.java:1344)
	at org.hibernate.internal.SessionImpl.managedFlush(SessionImpl.java:435)
	at org.hibernate.internal.SessionImpl.flushBeforeTransactionCompletion(SessionImpl.java:3221)
	at org.hibernate.internal.SessionImpl.beforeTransactionCompletion(SessionImpl.java:2389)
	at org.hibernate.engine.jdbc.internal.JdbcCoordinatorImpl.beforeTransactionCompletion(JdbcCoordinatorImpl.java:447)
	at org.hibernate.resource.transaction.backend.jdbc.internal.JdbcResourceLocalTransactionCoordinatorImpl.beforeCompletionCallback(JdbcResourceLocalTransactionCoordinatorImpl.java:183)
	at org.hibernate.resource.transaction.backend.jdbc.internal.JdbcResourceLocalTransactionCoordinatorImpl.access$300(JdbcResourceLocalTransactionCoordinatorImpl.java:40)
	at org.hibernate.resource.transaction.backend.jdbc.internal.JdbcResourceLocalTransactionCoordinatorImpl$TransactionDriverControlImpl.commit(JdbcResourceLocalTransactionCoordinatorImpl.java:281)
	at org.hibernate.engine.transaction.internal.TransactionImpl.commit(TransactionImpl.java:101)
	at org.springframework.orm.jpa.JpaTransactionManager.doCommit(JpaTransactionManager.java:534)
	... 67 common frames omitted
Caused by: java.sql.SQLIntegrityConstraintViolationException: Duplicate entry '2' for key 'PRIMARY'
	at com.mysql.cj.jdbc.exceptions.SQLError.createSQLException(SQLError.java:117)
	at com.mysql.cj.jdbc.exceptions.SQLError.createSQLException(SQLError.java:97)
	at com.mysql.cj.jdbc.exceptions.SQLExceptionsMapping.translateException(SQLExceptionsMapping.java:122)
	at com.mysql.cj.jdbc.ClientPreparedStatement.executeInternal(ClientPreparedStatement.java:953)
	at com.mysql.cj.jdbc.ClientPreparedStatement.executeUpdateInternal(ClientPreparedStatement.java:1092)
	at com.mysql.cj.jdbc.ClientPreparedStatement.executeUpdateInternal(ClientPreparedStatement.java:1040)
	at com.mysql.cj.jdbc.ClientPreparedStatement.executeLargeUpdate(ClientPreparedStatement.java:1347)
	at com.mysql.cj.jdbc.ClientPreparedStatement.executeUpdate(ClientPreparedStatement.java:1025)
	at com.zaxxer.hikari.pool.ProxyPreparedStatement.executeUpdate(ProxyPreparedStatement.java:61)
	at com.zaxxer.hikari.pool.HikariProxyPreparedStatement.executeUpdate(HikariProxyPreparedStatement.java)
	at org.hibernate.engine.jdbc.internal.ResultSetReturnImpl.executeUpdate(ResultSetReturnImpl.java:197)
	... 87 common frames omitted
2020-01-07 12:41:38,537 INFO org.springframework.boot.StartupInfoLogger [main] Starting PlantplacesApplication on DESKTOP-LBR7BG1 with PID 4180 (C:\Users\chand\OneDrive\Desktop\Projects\Java\plantplaces\plantplaces\target\classes started by chand in C:\Users\chand\OneDrive\Desktop\Projects\Java\plantplaces\plantplaces)
2020-01-07 12:41:38,541 DEBUG org.springframework.boot.StartupInfoLogger [main] Running with Spring Boot v2.2.2.RELEASE, Spring v5.2.2.RELEASE
2020-01-07 12:41:38,541 INFO org.springframework.boot.SpringApplication [main] No active profile set, falling back to default profiles: default
2020-01-07 12:41:44,196 INFO org.springframework.boot.StartupInfoLogger [main] Started PlantplacesApplication in 6.333 seconds (JVM running for 6.915)
2020-01-07 12:48:14,372 INFO org.springframework.boot.StartupInfoLogger [main] Starting PlantplacesApplication on DESKTOP-LBR7BG1 with PID 6880 (C:\Users\chand\OneDrive\Desktop\Projects\Java\plantplaces\plantplaces\target\classes started by chand in C:\Users\chand\OneDrive\Desktop\Projects\Java\plantplaces\plantplaces)
2020-01-07 12:48:14,372 DEBUG org.springframework.boot.StartupInfoLogger [main] Running with Spring Boot v2.2.2.RELEASE, Spring v5.2.2.RELEASE
2020-01-07 12:48:14,376 INFO org.springframework.boot.SpringApplication [main] No active profile set, falling back to default profiles: default
2020-01-07 12:48:20,095 INFO org.springframework.boot.StartupInfoLogger [main] Started PlantplacesApplication in 6.441 seconds (JVM running for 7.067)
2020-01-07 12:48:22,568 INFO com.plantplaces.PlantPlacesController [http-nio-8080-exec-1] User has entered start endpoint
2020-01-07 13:17:43,198 INFO org.springframework.boot.StartupInfoLogger [main] Starting PlantplacesApplication on DESKTOP-LBR7BG1 with PID 10528 (C:\Users\chand\OneDrive\Desktop\Projects\Java\plantplaces\plantplaces\target\classes started by chand in C:\Users\chand\OneDrive\Desktop\Projects\Java\plantplaces\plantplaces)
2020-01-07 13:17:43,202 DEBUG org.springframework.boot.StartupInfoLogger [main] Running with Spring Boot v2.2.2.RELEASE, Spring v5.2.2.RELEASE
2020-01-07 13:17:43,202 INFO org.springframework.boot.SpringApplication [main] No active profile set, falling back to default profiles: default
2020-01-07 13:17:48,364 INFO org.springframework.boot.StartupInfoLogger [main] Started PlantplacesApplication in 5.789 seconds (JVM running for 6.35)
2020-01-07 13:19:59,620 INFO org.springframework.boot.StartupInfoLogger [main] Starting PlantplacesApplication on DESKTOP-LBR7BG1 with PID 5620 (C:\Users\chand\OneDrive\Desktop\Projects\Java\plantplaces\plantplaces\target\classes started by chand in C:\Users\chand\OneDrive\Desktop\Projects\Java\plantplaces\plantplaces)
2020-01-07 13:19:59,624 DEBUG org.springframework.boot.StartupInfoLogger [main] Running with Spring Boot v2.2.2.RELEASE, Spring v5.2.2.RELEASE
2020-01-07 13:19:59,625 INFO org.springframework.boot.SpringApplication [main] No active profile set, falling back to default profiles: default
2020-01-07 13:20:05,250 INFO org.springframework.boot.StartupInfoLogger [main] Started PlantplacesApplication in 6.282 seconds (JVM running for 6.921)
2020-01-07 13:21:12,804 INFO org.springframework.boot.StartupInfoLogger [main] Starting PlantplacesApplication on DESKTOP-LBR7BG1 with PID 5612 (C:\Users\chand\OneDrive\Desktop\Projects\Java\plantplaces\plantplaces\target\classes started by chand in C:\Users\chand\OneDrive\Desktop\Projects\Java\plantplaces\plantplaces)
2020-01-07 13:21:12,809 DEBUG org.springframework.boot.StartupInfoLogger [main] Running with Spring Boot v2.2.2.RELEASE, Spring v5.2.2.RELEASE
2020-01-07 13:21:12,810 INFO org.springframework.boot.SpringApplication [main] No active profile set, falling back to default profiles: default
2020-01-07 13:21:18,114 INFO org.springframework.boot.StartupInfoLogger [main] Started PlantplacesApplication in 5.939 seconds (JVM running for 6.496)
2020-01-07 13:28:49,455 INFO org.springframework.boot.StartupInfoLogger [main] Starting PlantplacesApplication on DESKTOP-LBR7BG1 with PID 10044 (C:\Users\chand\OneDrive\Desktop\Projects\Java\plantplaces\plantplaces\target\classes started by chand in C:\Users\chand\OneDrive\Desktop\Projects\Java\plantplaces\plantplaces)
2020-01-07 13:28:49,459 DEBUG org.springframework.boot.StartupInfoLogger [main] Running with Spring Boot v2.2.2.RELEASE, Spring v5.2.2.RELEASE
2020-01-07 13:28:49,460 INFO org.springframework.boot.SpringApplication [main] No active profile set, falling back to default profiles: default
2020-01-07 13:28:54,774 INFO org.springframework.boot.StartupInfoLogger [main] Started PlantplacesApplication in 5.939 seconds (JVM running for 6.526)
2020-01-07 13:28:56,733 INFO com.plantplaces.PlantPlacesController [http-nio-8080-exec-1] User has entered start endpoint
2020-01-07 13:39:33,712 INFO org.springframework.boot.StartupInfoLogger [main] Starting PlantplacesApplication on DESKTOP-LBR7BG1 with PID 5184 (C:\Users\chand\OneDrive\Desktop\Projects\Java\plantplaces\plantplaces\target\classes started by chand in C:\Users\chand\OneDrive\Desktop\Projects\Java\plantplaces\plantplaces)
2020-01-07 13:39:33,716 DEBUG org.springframework.boot.StartupInfoLogger [main] Running with Spring Boot v2.2.2.RELEASE, Spring v5.2.2.RELEASE
2020-01-07 13:39:33,716 INFO org.springframework.boot.SpringApplication [main] No active profile set, falling back to default profiles: default
2020-01-07 13:39:38,954 INFO org.springframework.boot.StartupInfoLogger [main] Started PlantplacesApplication in 5.833 seconds (JVM running for 6.404)
